┌ Info: 2025-09-08T20:23:56.235 [35436:1]: Pre-Initializing Simulation States
└ @ PowerSimulationsDynamics /Users/myasirroni/.julia/packages/PowerSimulationsDynamics/b6f1m/src/base/simulation.jl:265
┌ Info: 2025-09-08T20:23:56.240 [35436:1]: The TrustRegionACPowerFlow solver converged after 2 iterations.
└ @ PowerFlows /Users/myasirroni/.julia/packages/PowerFlows/Ilrf1/src/powerflow_method.jl:314
┌ Info: 2025-09-08T20:23:56.242 [35436:1]: PowerFlow solve converged, the results have been stored in the system
└ @ PowerFlows /Users/myasirroni/.julia/packages/PowerFlows/Ilrf1/src/solve_ac_powerflow.jl:62
┌ Info: 2025-09-08T20:23:58.959 [35436:1]: Residual from initial guess: max = 1.438874235605842e-8 at 1591, total = 2.6637882759819823e-8
└ @ PowerSimulationsDynamics /Users/myasirroni/.julia/packages/PowerSimulationsDynamics/b6f1m/src/base/nlsolve_wrapper.jl:115
┌ Warning: 2025-09-08T20:24:21.293 [35436:1]: Initialization non-linear solve convergence failed, initial conditions do not meet conditions for an stable equilibrium.
│ Attempting again with reduced numeric tolerance and using another solver
└ @ PowerSimulationsDynamics /Users/myasirroni/.julia/packages/PowerSimulationsDynamics/b6f1m/src/base/nlsolve_wrapper.jl:86
┌ Info: 2025-09-08T20:24:21.567 [35436:1]: Initialization non-linear solve succeeded with a tolerance of 1.0e-9 using solver newton. Saving solution.
└ @ PowerSimulationsDynamics /Users/myasirroni/.julia/packages/PowerSimulationsDynamics/b6f1m/src/base/nlsolve_wrapper.jl:82
┌ Info: 2025-09-08T20:24:21.567 [35436:1]: Attaching Perturbations
└ @ PowerSimulationsDynamics /Users/myasirroni/.julia/packages/PowerSimulationsDynamics/b6f1m/src/base/simulation.jl:299
┌ Info: 2025-09-08T20:24:21.808 [35436:1]: Simulations status = BUILT
└ @ PowerSimulationsDynamics /Users/myasirroni/.julia/packages/PowerSimulationsDynamics/b6f1m/src/base/simulation.jl:462
┌ Info: 2025-09-08T20:24:21.808 [35436:1]: 
│ ──────────────────────────────────────────────────────────────────────────────────────
│                                                            Time          Allocations  
│                                                      ───────────────   ───────────────
│                    Total measured:                        25.6s            5.93GiB    
│ 
│ Section                                      ncalls     time    %tot     alloc    %tot
│ ──────────────────────────────────────────────────────────────────────────────────────
│ Build Simulation                                  1    25.6s  100.0%   5.93GiB  100.0%
│   Build Simulation Inputs                         1   20.1ms    0.1%   31.1MiB    0.5%
│     Wrap Branches                                 1   10.7μs    0.0%      176B    0.0%
│     Wrap Dynamic Injectors                        1    704μs    0.0%    585KiB    0.0%
│     Calculate MM, DAE_vector, Total Shunts        1   2.82ms    0.0%   13.5MiB    0.2%
│     Wrap Static Injectors                         1   1.10ms    0.0%    271KiB    0.0%
│   Pre-initialization                              1   8.88ms    0.0%   8.15MiB    0.1%
│     Power Flow solution                           1   7.27ms    0.0%   6.89MiB    0.1%
│     Initialize Static Injectors                   1    142μs    0.0%   37.6KiB    0.0%
│     Initialize Dynamic Injectors                  1   1.04ms    0.0%   1.19MiB    0.0%
│   Calculate Jacobian                              1    2.21s    8.6%    616MiB   10.1%
│   Make Model Function                             1   2.61ms    0.0%    165KiB    0.0%
│   Initial Condition NLsolve refinement            1    23.1s   90.3%   5.25GiB   88.6%
│   Build Perturbations                             1   66.8ms    0.3%   20.6MiB    0.3%
│   Make DiffEq Problem                             1    174ms    0.7%   19.5MiB    0.3%
│ ──────────────────────────────────────────────────────────────────────────────────────
│ 
└ @ PowerSimulationsDynamics /Users/myasirroni/.julia/packages/PowerSimulationsDynamics/b6f1m/src/base/simulation.jl:487
